Warda Ruheen Bristi : 01675654816 : ruheen.cse@diu.edu.bd : Dhaka
Mehedi Hasan : 01623448653 : mehedi4781@gmail.com : Dhaka
Talha Kanon : 01612345678 : kanon11@gmail.com : Dhaka
Imrus Salehin : 01712345678 : imskst@gmail.com : Dhaka
Susanta Debnath : 01622345678 : susanta55@gmail.com : Dhaka
Sadia Dip : 01876592739 : sadia90@gmail.com : Dhaka
kaniz Nammi : 01987456739 : nammi87@gmail.com : Dhaka
Salman Rayhan : 01784623849 : rayhan48@gmail.com : Dhaka
Maruf Ridom : 01685639564 : ridom234@gmail.com : Chandpur
Fazle Rabby : 01968954637 : rabby890@gmail.com : Chandpur
Mahbub Alam : 01789543784 : mahbub3456@gmail.com : Chandpur
Tanveen Hasan : 01863757385 : tanveen098@gmail.com : Dhaka
Taif Nain : 01987234567 : taif567@gmail.com : Chittagong
Afnan Abdullah : 016767645 : afnan342@gmail.com : Chittagong
Nijhum Rahman : 01987532233 : nijhum09@gmail.com : Hazigonj
Rafsan Mahmud : 01846475436 : mahmud456@gmail.com : Khulna
Rafat Ahmed : 01478843276 : rafat9044@gmail.com : Khulna
Salith Rahman : 017365373876 : salu55@gmail.com : Dhaka
Lamia Rukhsara : 01563738947 : lamia.cse@diu.edu.bd : Mirpur
Mohd Saifuzzaman : 01775436356 : saif.cse@diu.edu.bd : Kazipara
Tapasy rabeya : 01632492372 : rabeya.cse@diu.edu.bd : Dhanmondi, Dhaka
Sharmin Morium : 01673836674 : sharmin420@gmail.com : Shukrabad
Nur Imtiaz : 01536356362 : nur.cse@diu.edu.bd : Dhanmondi
Alamgir Hossain : 01638367845 : alamgir33@gmail.com : Mohammadpur
Tamanna Sami : 01896389289 : sami.soft@gmail.com : Panthopath
Ahsanul Kabir : 01673836784 : kabir66@gmail.com : Mohammadpur
Syed Akter : 01747836424 : akhter.cse@diu.edu.bd : Cse Building, Dhanmondi
Syed Maria : 018638634iueroiwel : hfilwelk : ioherikhrl
Syeda Maria Rahman : 0187637687 : maria.bba@gmail.com : Jatrabari, Dhaka
Abbas Ali Khan : 01956378356 : abbas.cse@gmail.com : Jhenaidah, Khulna
Yusuf Mahabubul Islam Ph.d : 0248111639 : vcoffice.diu@diu.edu.bd : Shukrabad, Mirpur Road 1207, Dhaka
Md Sabur Khan : 02-7487891 : chairmanoffice.diu@diu.edu.bd : Shukrabad, Mirpur Road 1207, Dhaka
Sheikh Noori : 02-56287384 : noori.cse@diu.edu.bd : Dhanmondi, Dhaka
Gazi Zahirul Islam : 017112345 : zahir@gmail.com : Dhanmondi, dhaka 1205
Farah Sharmin : 02-91382345 : farah@diu.edu.bd : Firmgate, dhaka
Zakia Zaman : 01732122175 : zakia.cse@diu.edu.bd : BUET, Polasi, Azimpur
Tasnim Misha : 02-09862353 : misha.cse@diu.edu.bd : MIST, Mirpur 12, Dhaka
Rubaiya Hafiz : 02-9875448 : rubaiya.cse@diu.edu.bd : JU,savar,Dhaka
Ananta Chowdhury : 91-637393 : ananta.cse@diu.edu.bd : San-fransisco,california,USA
Nafis Neehal : 91-8347493 : nafis.cse@diu.edu.bd : Canbera,Australia
Zerin Nasrin Tumpa : 01835531409 : tumpa.cse@diu.edu.bd : West of Scotland,UK
Majidur Rahman : 0192364334 : majid.cse@diu.edu.bd : MIST, Mirpur-12, Dhaka
Afia Anjum : 017420055 : afia.cse@diu.edu.bd : MIST,Mirpur-12, Dhaka
Antra Mahmud : 0193463466 : antara.cse@diu.edu.bd : MIST, Mirpur-12, Dhaka
Amit Chakraborty : 088-02-913835 : amit.cse@diu.edu.bd : Chasara,Narayangonj
Dr. Mahabubul Haque Majumder : 9138234 : deanfsit@diu.edu.bd : Dean Office
njj kj  : dkjgjk : kjkjzx1332 : kldk78kf
Iftakhar Mohammad Talha : 91-2382372 : talha@gmail.com : Oxford university,England, United Kingdom
Mahmud Mehedi  : 093248 : mehedi.cse@gmail.com : Harvard University, Cambridge
Susanta Chandra : 34823432423 : susanta.cse@gmail.com : Stanford University
Imrus Salehin Sishir : 348473433 : sishir.cse@gamil.com : Uganda Martyrs University
